Using pre-set license
Built from '2020.3/staging' branch; Version is '2020.3.8f1 (507919d4fff5) revision 5273881'; Using compiler version '192528614'; Build Type 'Release'
OS: 'Windows 10 Pro; OS build 19042.985; Version 2009; 64bit' Language: 'ko' Physical Memory: 16296 MB
BatchMode: 1, IsHumanControllingUs: 0, StartBugReporterOnCrash: 0, Is64bit: 1, IsPro: 0

 COMMAND LINE ARGUMENTS:
C:\Program Files\2020.3.8f1\Editor\Unity.exe
-adb2
-batchMode
-noUpm
-name
AssetImportWorker0
-projectPath
C:/Users/Seo Museong/Documents/GitHub/SkillChess
-logFile
Logs/AssetImportWorker0.log
-srvPort
4575
Successfully changed project path to: C:/Users/Seo Museong/Documents/GitHub/SkillChess
C:/Users/Seo Museong/Documents/GitHub/SkillChess
Using Asset Import Pipeline V2.
Refreshing native plugins compatible for Editor in 58.12 ms, found 1 plugins.
Preloading 0 native plugins for Editor in 0.00 ms.
Initialize engine version: 2020.3.8f1 (507919d4fff5)
[Subsystems] Discovering subsystems at path C:/Program Files/2020.3.8f1/Editor/Data/Resources/UnitySubsystems
[Subsystems] Discovering subsystems at path C:/Users/Seo Museong/Documents/GitHub/SkillChess/Assets
GfxDevice: creating device client; threaded=0
Direct3D:
    Version:  Direct3D 11.0 [level 11.1]
    Renderer: Intel(R) UHD Graphics 620 (ID=0x5917)
    Vendor:   
    VRAM:     8148 MB
    Driver:   27.20.100.8730
Initialize mono
Mono path[0] = 'C:/Program Files/2020.3.8f1/Editor/Data/Managed'
Mono path[1] = 'C:/Program Files/2020.3.8f1/Editor/Data/MonoBleedingEdge/lib/mono/unityjit'
Mono config path = 'C:/Program Files/2020.3.8f1/Editor/Data/MonoBleedingEdge/etc'
Using monoOptions --debugger-agent=transport=dt_socket,embedding=1,server=y,suspend=n,address=127.0.0.1:56872
Begin MonoManager ReloadAssembly
Registering precompiled unity dll's ...
Register platform support module: C:/Program Files/2020.3.8f1/Editor/Data/PlaybackEngines/WindowsStandaloneSupport/UnityEditor.WindowsStandalone.Extensions.dll
Registered in 0.001935 seconds.
Native extension for WindowsStandalone target not found
Refreshing native plugins compatible for Editor in 41.54 ms, found 1 plugins.
Preloading 0 native plugins for Editor in 0.00 ms.
Mono: successfully reloaded assembly
- Completed reload, in  1.239 seconds
Platform modules already initialized, skipping
Registering precompiled user dll's ...
Registered in 0.003073 seconds.
Begin MonoManager ReloadAssembly
Native extension for WindowsStandalone target not found
Refreshing native plugins compatible for Editor in 39.80 ms, found 1 plugins.
Preloading 0 native plugins for Editor in 0.00 ms.
Mono: successfully reloaded assembly
- Completed reload, in  0.959 seconds
Platform modules already initialized, skipping
========================================================================
Worker process is ready to serve import requests
Launched and connected shader compiler UnityShaderCompiler.exe after 0.04 seconds
Refreshing native plugins compatible for Editor in 0.48 ms, found 1 plugins.
Preloading 0 native plugins for Editor in 0.00 ms.
Unloading 2031 Unused Serialized files (Serialized files now loaded: 0)
System memory in use before: 92.2 MB.
System memory in use after: 92.2 MB.

Unloading 30 unused Assets to reduce memory usage. Loaded Objects now: 2469.
Total: 2.142200 ms (FindLiveObjects: 0.183200 ms CreateObjectMapping: 0.069500 ms MarkObjects: 1.693600 ms  DeleteObjects: 0.195000 ms)

========================================================================
Received Import Request.
  path: Assets/SkillChess.cs
  artifactKey: Guid(f2ae43c0c02820e42a1b779216e25ecc) Importer(815301076,1909f56bfc062723c751e8b465ee728b)
Start importing Assets/SkillChess.cs using Guid(f2ae43c0c02820e42a1b779216e25ecc) Importer(815301076,1909f56bfc062723c751e8b465ee728b)  -> (artifact id: '1a61aed27f7a93a429a868ec925d9f04') in 0.046238 seconds
  Import took 0.049999 seconds .

========================================================================
Received Import Request.
  Time since last request: 0.052556 seconds.
  path: Assets/SkillChess.cs
  artifactKey: Guid(f2ae43c0c02820e42a1b779216e25ecc) Importer(815301076,1909f56bfc062723c751e8b465ee728b)
Start importing Assets/SkillChess.cs using Guid(f2ae43c0c02820e42a1b779216e25ecc) Importer(815301076,1909f56bfc062723c751e8b465ee728b)  -> (artifact id: '1a61aed27f7a93a429a868ec925d9f04') in 0.002040 seconds
  Import took 0.005106 seconds .

========================================================================
Received Prepare
Registering precompiled user dll's ...
Registered in 0.002887 seconds.
Begin MonoManager ReloadAssembly
Native extension for WindowsStandalone target not found
Refreshing native plugins compatible for Editor in 0.46 ms, found 1 plugins.
Preloading 0 native plugins for Editor in 0.00 ms.
Mono: successfully reloaded assembly
- Completed reload, in  1.109 seconds
Platform modules already initialized, skipping
Refreshing native plugins compatible for Editor in 0.43 ms, found 1 plugins.
Preloading 0 native plugins for Editor in 0.00 ms.
Unloading 2025 Unused Serialized files (Serialized files now loaded: 0)
System memory in use before: 92.1 MB.
System memory in use after: 92.1 MB.

Unloading 17 unused Assets to reduce memory usage. Loaded Objects now: 2474.
Total: 2.224800 ms (FindLiveObjects: 0.201300 ms CreateObjectMapping: 0.081000 ms MarkObjects: 1.801300 ms  DeleteObjects: 0.140200 ms)

========================================================================
Received Import Request.
  Time since last request: 380.532583 seconds.
  path: Assets/SkillChess.cs
  artifactKey: Guid(f2ae43c0c02820e42a1b779216e25ecc) Importer(815301076,1909f56bfc062723c751e8b465ee728b)
Start importing Assets/SkillChess.cs using Guid(f2ae43c0c02820e42a1b779216e25ecc) Importer(815301076,1909f56bfc062723c751e8b465ee728b)  -> (artifact id: 'f726cf068a05d231de8c64a428fb1d44') in 0.004965 seconds
  Import took 0.008339 seconds .

========================================================================
Received Prepare
Registering precompiled user dll's ...
Registered in 0.003514 seconds.
Begin MonoManager ReloadAssembly
Native extension for WindowsStandalone target not found
Refreshing native plugins compatible for Editor in 0.47 ms, found 1 plugins.
Preloading 0 native plugins for Editor in 0.00 ms.
Mono: successfully reloaded assembly
- Completed reload, in  1.155 seconds
Platform modules already initialized, skipping
Refreshing native plugins compatible for Editor in 0.44 ms, found 1 plugins.
Preloading 0 native plugins for Editor in 0.00 ms.
Unloading 2025 Unused Serialized files (Serialized files now loaded: 0)
System memory in use before: 92.1 MB.
System memory in use after: 92.1 MB.

Unloading 17 unused Assets to reduce memory usage. Loaded Objects now: 2479.
Total: 2.278300 ms (FindLiveObjects: 0.196300 ms CreateObjectMapping: 0.069400 ms MarkObjects: 1.912200 ms  DeleteObjects: 0.099700 ms)

========================================================================
Received Import Request.
  Time since last request: 34.638558 seconds.
  path: Assets/SkillChess.cs
  artifactKey: Guid(f2ae43c0c02820e42a1b779216e25ecc) Importer(815301076,1909f56bfc062723c751e8b465ee728b)
Start importing Assets/SkillChess.cs using Guid(f2ae43c0c02820e42a1b779216e25ecc) Importer(815301076,1909f56bfc062723c751e8b465ee728b)  -> (artifact id: '01b2b0a4f746e384792acb0902a94aa1') in 0.008656 seconds
  Import took 0.011668 seconds .

========================================================================
Received Prepare
Registering precompiled user dll's ...
Registered in 0.004054 seconds.
Begin MonoManager ReloadAssembly
Native extension for WindowsStandalone target not found
Refreshing native plugins compatible for Editor in 0.50 ms, found 1 plugins.
Preloading 0 native plugins for Editor in 0.00 ms.
Mono: successfully reloaded assembly
- Completed reload, in  1.046 seconds
Platform modules already initialized, skipping
Refreshing native plugins compatible for Editor in 0.45 ms, found 1 plugins.
Preloading 0 native plugins for Editor in 0.00 ms.
Unloading 2025 Unused Serialized files (Serialized files now loaded: 0)
System memory in use before: 92.2 MB.
System memory in use after: 92.1 MB.

Unloading 17 unused Assets to reduce memory usage. Loaded Objects now: 2484.
Total: 2.147500 ms (FindLiveObjects: 0.184400 ms CreateObjectMapping: 0.068900 ms MarkObjects: 1.776800 ms  DeleteObjects: 0.116700 ms)

========================================================================
Received Import Request.
  Time since last request: 55.324996 seconds.
  path: Assets/SkillChess.cs
  artifactKey: Guid(f2ae43c0c02820e42a1b779216e25ecc) Importer(815301076,1909f56bfc062723c751e8b465ee728b)
Start importing Assets/SkillChess.cs using Guid(f2ae43c0c02820e42a1b779216e25ecc) Importer(815301076,1909f56bfc062723c751e8b465ee728b)  -> (artifact id: 'a69f5dd35db700f092f805e3632326e4') in 0.004479 seconds
  Import took 0.008075 seconds .

========================================================================
Received Prepare
Registering precompiled user dll's ...
Registered in 0.004763 seconds.
Begin MonoManager ReloadAssembly
Native extension for WindowsStandalone target not found
Refreshing native plugins compatible for Editor in 0.89 ms, found 1 plugins.
Preloading 0 native plugins for Editor in 0.00 ms.
Mono: successfully reloaded assembly
- Completed reload, in  1.658 seconds
Platform modules already initialized, skipping
Refreshing native plugins compatible for Editor in 0.61 ms, found 1 plugins.
Preloading 0 native plugins for Editor in 0.00 ms.
Unloading 2025 Unused Serialized files (Serialized files now loaded: 0)
System memory in use before: 92.2 MB.
System memory in use after: 92.1 MB.

Unloading 17 unused Assets to reduce memory usage. Loaded Objects now: 2489.
Total: 2.870100 ms (FindLiveObjects: 0.252600 ms CreateObjectMapping: 0.131400 ms MarkObjects: 2.306200 ms  DeleteObjects: 0.178200 ms)

========================================================================
Received Prepare
Registering precompiled user dll's ...
Registered in 0.003132 seconds.
Begin MonoManager ReloadAssembly
Native extension for WindowsStandalone target not found
Refreshing native plugins compatible for Editor in 0.77 ms, found 1 plugins.
Preloading 0 native plugins for Editor in 0.00 ms.
Mono: successfully reloaded assembly
- Completed reload, in  1.164 seconds
Platform modules already initialized, skipping
Refreshing native plugins compatible for Editor in 0.43 ms, found 1 plugins.
Preloading 0 native plugins for Editor in 0.00 ms.
Unloading 2025 Unused Serialized files (Serialized files now loaded: 0)
System memory in use before: 92.2 MB.
System memory in use after: 92.2 MB.

Unloading 17 unused Assets to reduce memory usage. Loaded Objects now: 2494.
Total: 2.278800 ms (FindLiveObjects: 0.193300 ms CreateObjectMapping: 0.117300 ms MarkObjects: 1.861100 ms  DeleteObjects: 0.106200 ms)

========================================================================
Received Import Request.
  Time since last request: 52.684734 seconds.
  path: Assets/SkillChess.cs
  artifactKey: Guid(f2ae43c0c02820e42a1b779216e25ecc) Importer(815301076,1909f56bfc062723c751e8b465ee728b)
Start importing Assets/SkillChess.cs using Guid(f2ae43c0c02820e42a1b779216e25ecc) Importer(815301076,1909f56bfc062723c751e8b465ee728b)  -> (artifact id: '11c4ed439b1a460d292698247440573c') in 0.004796 seconds
  Import took 0.008612 seconds .

========================================================================
Received Prepare
Registering precompiled user dll's ...
Registered in 0.002666 seconds.
Begin MonoManager ReloadAssembly
Native extension for WindowsStandalone target not found
Refreshing native plugins compatible for Editor in 0.45 ms, found 1 plugins.
Preloading 0 native plugins for Editor in 0.00 ms.
Mono: successfully reloaded assembly
- Completed reload, in  1.016 seconds
Platform modules already initialized, skipping
Refreshing native plugins compatible for Editor in 0.64 ms, found 1 plugins.
Preloading 0 native plugins for Editor in 0.00 ms.
Unloading 2025 Unused Serialized files (Serialized files now loaded: 0)
System memory in use before: 92.2 MB.
System memory in use after: 92.2 MB.

Unloading 17 unused Assets to reduce memory usage. Loaded Objects now: 2499.
Total: 3.406300 ms (FindLiveObjects: 0.179900 ms CreateObjectMapping: 0.088400 ms MarkObjects: 2.965800 ms  DeleteObjects: 0.170700 ms)

========================================================================
Received Prepare
Registering precompiled user dll's ...
Registered in 0.002877 seconds.
Begin MonoManager ReloadAssembly
Native extension for WindowsStandalone target not found
Refreshing native plugins compatible for Editor in 0.45 ms, found 1 plugins.
Preloading 0 native plugins for Editor in 0.00 ms.
Mono: successfully reloaded assembly
- Completed reload, in  1.011 seconds
Platform modules already initialized, skipping
Refreshing native plugins compatible for Editor in 0.46 ms, found 1 plugins.
Preloading 0 native plugins for Editor in 0.00 ms.
Unloading 2025 Unused Serialized files (Serialized files now loaded: 0)
System memory in use before: 92.2 MB.
System memory in use after: 92.2 MB.

Unloading 17 unused Assets to reduce memory usage. Loaded Objects now: 2504.
Total: 2.176700 ms (FindLiveObjects: 0.209000 ms CreateObjectMapping: 0.073700 ms MarkObjects: 1.794900 ms  DeleteObjects: 0.098300 ms)

========================================================================
Received Import Request.
  Time since last request: 45.687746 seconds.
  path: Assets/SkillChess.cs
  artifactKey: Guid(f2ae43c0c02820e42a1b779216e25ecc) Importer(815301076,1909f56bfc062723c751e8b465ee728b)
Start importing Assets/SkillChess.cs using Guid(f2ae43c0c02820e42a1b779216e25ecc) Importer(815301076,1909f56bfc062723c751e8b465ee728b)  -> (artifact id: '5706a8dda5948afb90edd732de86dcaa') in 0.004585 seconds
  Import took 0.007717 seconds .

